CBMC Detailed Log
Start Time: 2026年 04月 27日 星期一 22:25:51 HKT
------------------------------------------------
>>> Testing: L3-1.c (Model: TSO)
CBMC version 5.12 (cbmc-5.12) 64-bit x86_64 linux
Parsing L3-1.c
Converting
Type-checking L3-1
Generating GOTO Program
Adding CPROVER library (x86_64)
Removal of function pointers and virtual functions
file <builtin-library-pthread_create> line 40 function __spawned_thread: replacing function pointer by 2 possible targets
Generic Property Instrumentation
Running with 8 object bits, 56 offset bits (default)
Starting Bounded Model Checking
Adding TSO constraints
Shared __CPROVER_threads_exited: 4R/3W
Shared __CPROVER_next_thread_id: 3R/3W
Shared sock_fd: 4R/2W
Shared main::1::t1!0@1: 2R/2W
Shared main::1::t2!0@1: 2R/2W
Shared thread_send::1::msgs!2@1[[0]]: 1R/2W
Shared thread_send::1::msgs!2@1[[1]]: 1R/2W
Shared thread_send::1::msgs!2@1[[2]]: 1R/2W
Shared thread_send::1::msgs!2@1[[3]]: 1R/2W
Shared thread_send::1::msgs!2@1[[4]]: 1R/2W
Shared thread_send::1::msgs!2@1[[5]]: 1R/2W
Shared thread_send::1::msgs!2@1[[6]]: 1R/2W
Shared thread_send::1::msgs!2@1[[7]]: 1R/2W
Shared thread_send::1::msgs!2@1[[8]]: 1R/2W
Shared thread_send::1::msgs!2@1[[9]]: 1R/2W
size of program expression: 1137 steps
no slicing due to threads
Generated 0 VCC(s), 0 remaining after simplification
VERIFICATION SUCCESSFUL

------------------------------------------------

>>> Testing: L3-1.c (Model: PSO)
CBMC version 5.12 (cbmc-5.12) 64-bit x86_64 linux
Parsing L3-1.c
Converting
Type-checking L3-1
Generating GOTO Program
Adding CPROVER library (x86_64)
Removal of function pointers and virtual functions
file <builtin-library-pthread_create> line 40 function __spawned_thread: replacing function pointer by 2 possible targets
Generic Property Instrumentation
Running with 8 object bits, 56 offset bits (default)
Starting Bounded Model Checking
Adding PSO constraints
Shared __CPROVER_threads_exited: 4R/3W
Shared __CPROVER_next_thread_id: 3R/3W
Shared sock_fd: 4R/2W
Shared main::1::t1!0@1: 2R/2W
Shared main::1::t2!0@1: 2R/2W
Shared thread_send::1::msgs!2@1[[0]]: 1R/2W
Shared thread_send::1::msgs!2@1[[1]]: 1R/2W
Shared thread_send::1::msgs!2@1[[2]]: 1R/2W
Shared thread_send::1::msgs!2@1[[3]]: 1R/2W
Shared thread_send::1::msgs!2@1[[4]]: 1R/2W
Shared thread_send::1::msgs!2@1[[5]]: 1R/2W
Shared thread_send::1::msgs!2@1[[6]]: 1R/2W
Shared thread_send::1::msgs!2@1[[7]]: 1R/2W
Shared thread_send::1::msgs!2@1[[8]]: 1R/2W
Shared thread_send::1::msgs!2@1[[9]]: 1R/2W
size of program expression: 799 steps
no slicing due to threads
Generated 0 VCC(s), 0 remaining after simplification
VERIFICATION SUCCESSFUL

------------------------------------------------

>>> Testing: L3-2.c (Model: TSO)
CBMC version 5.12 (cbmc-5.12) 64-bit x86_64 linux
Parsing L3-2.c
Converting
Type-checking L3-2
Generating GOTO Program
Adding CPROVER library (x86_64)
Removal of function pointers and virtual functions
file <builtin-library-pthread_create> line 40 function __spawned_thread: replacing function pointer by 2 possible targets
Generic Property Instrumentation
Running with 8 object bits, 56 offset bits (default)
Starting Bounded Model Checking
Adding TSO constraints
Shared __CPROVER_threads_exited: 4R/3W
Shared __CPROVER_next_thread_id: 3R/3W
Shared sock_fd: 9R/2W
Shared epoll_fd: 2R/1W
Shared main::1::t1!0@1: 2R/2W
Shared main::1::t2!0@1: 2R/2W
Shared thread_tls_config::1::key_material!1@1[[0]]: 1R/2W
Shared thread_tls_config::1::key_material!1@1[[1]]: 1R/2W
Shared thread_tls_config::1::key_material!1@1[[2]]: 1R/2W
Shared thread_tls_config::1::key_material!1@1[[3]]: 1R/2W
Shared thread_tls_config::1::key_material!1@1[[4]]: 1R/2W
Shared thread_tls_config::1::key_material!1@1[[5]]: 1R/2W
Shared thread_tls_config::1::key_material!1@1[[6]]: 1R/2W
Shared thread_tls_config::1::key_material!1@1[[7]]: 1R/2W
Shared thread_tls_config::1::key_material!1@1[[8]]: 1R/2W
Shared thread_tls_config::1::key_material!1@1[[9]]: 1R/2W
Shared thread_tls_config::1::key_material!1@1[[10]]: 1R/2W
Shared thread_tls_config::1::key_material!1@1[[11]]: 1R/2W
Shared thread_tls_config::1::key_material!1@1[[12]]: 1R/2W
Shared thread_tls_config::1::key_material!1@1[[13]]: 1R/2W
Shared thread_tls_config::1::key_material!1@1[[14]]: 1R/2W
Shared thread_tls_config::1::key_material!1@1[[15]]: 1R/2W
Shared thread_tls_config::1::key_material!1@1[[16]]: 1R/2W
Shared thread_tls_config::1::key_material!1@1[[17]]: 1R/2W
Shared thread_tls_config::1::key_material!1@1[[18]]: 1R/2W
Shared thread_tls_config::1::key_material!1@1[[19]]: 1R/2W
Shared thread_tls_config::1::key_material!1@1[[20]]: 1R/2W
Shared thread_tls_config::1::key_material!1@1[[21]]: 1R/2W
Shared thread_tls_config::1::key_material!1@1[[22]]: 1R/2W
Shared thread_tls_config::1::key_material!1@1[[23]]: 1R/2W
Shared thread_tls_config::1::key_material!1@1[[24]]: 1R/2W
Shared thread_tls_config::1::key_material!1@1[[25]]: 1R/2W
Shared thread_tls_config::1::key_material!1@1[[26]]: 1R/2W
Shared thread_tls_config::1::key_material!1@1[[27]]: 1R/2W
Shared thread_tls_config::1::key_material!1@1[[28]]: 1R/2W
Shared thread_tls_config::1::key_material!1@1[[29]]: 1R/2W
Shared thread_tls_config::1::key_material!1@1[[30]]: 1R/2W
Shared thread_tls_config::1::key_material!1@1[[31]]: 1R/2W
Shared thread_tls_config::1::key_material!1@1[[32]]: 1R/2W
Shared thread_tls_config::1::key_material!1@1[[33]]: 1R/2W
Shared thread_tls_config::1::key_material!1@1[[34]]: 1R/2W
Shared thread_tls_config::1::key_material!1@1[[35]]: 1R/2W
Shared thread_tls_config::1::key_material!1@1[[36]]: 1R/2W
Shared thread_tls_config::1::key_material!1@1[[37]]: 1R/2W
Shared thread_tls_config::1::key_material!1@1[[38]]: 1R/2W
Shared thread_tls_config::1::key_material!1@1[[39]]: 1R/2W
Shared thread_tls_config::1::key_material!1@1[[40]]: 1R/2W
Shared thread_tls_config::1::key_material!1@1[[41]]: 1R/2W
Shared thread_tls_config::1::key_material!1@1[[42]]: 1R/2W
Shared thread_tls_config::1::key_material!1@1[[43]]: 1R/2W
Shared thread_tls_config::1::key_material!1@1[[44]]: 1R/2W
Shared thread_tls_config::1::key_material!1@1[[45]]: 1R/2W
Shared thread_tls_config::1::key_material!1@1[[46]]: 1R/2W
Shared thread_tls_config::1::key_material!1@1[[47]]: 1R/2W
Shared thread_tls_config::1::key_material!1@1[[48]]: 1R/2W
Shared thread_tls_config::1::key_material!1@1[[49]]: 1R/2W
Shared thread_tls_config::1::key_material!1@1[[50]]: 1R/2W
Shared thread_tls_config::1::key_material!1@1[[51]]: 1R/2W
Shared thread_tls_config::1::key_material!1@1[[52]]: 1R/2W
Shared thread_tls_config::1::key_material!1@1[[53]]: 1R/2W
Shared thread_tls_config::1::key_material!1@1[[54]]: 1R/2W
Shared thread_tls_config::1::key_material!1@1[[55]]: 1R/2W
Shared thread_tls_config::1::key_material!1@1[[56]]: 1R/2W
Shared thread_tls_config::1::key_material!1@1[[57]]: 1R/2W
Shared thread_tls_config::1::key_material!1@1[[58]]: 1R/2W
Shared thread_tls_config::1::key_material!1@1[[59]]: 1R/2W
Shared thread_io::1::ev!2@1[[0]]: 1R/2W
Shared thread_io::1::ev!2@1[[1]]: 1R/2W
size of program expression: 14957 steps
no slicing due to threads
Generated 0 VCC(s), 0 remaining after simplification
VERIFICATION SUCCESSFUL

------------------------------------------------

>>> Testing: L3-2.c (Model: PSO)
CBMC version 5.12 (cbmc-5.12) 64-bit x86_64 linux
Parsing L3-2.c
Converting
Type-checking L3-2
Generating GOTO Program
Adding CPROVER library (x86_64)
Removal of function pointers and virtual functions
file <builtin-library-pthread_create> line 40 function __spawned_thread: replacing function pointer by 2 possible targets
Generic Property Instrumentation
Running with 8 object bits, 56 offset bits (default)
Starting Bounded Model Checking
Adding PSO constraints
Shared __CPROVER_threads_exited: 4R/3W
Shared __CPROVER_next_thread_id: 3R/3W
Shared sock_fd: 9R/2W
Shared epoll_fd: 2R/1W
Shared main::1::t1!0@1: 2R/2W
Shared main::1::t2!0@1: 2R/2W
Shared thread_tls_config::1::key_material!1@1[[0]]: 1R/2W
Shared thread_tls_config::1::key_material!1@1[[1]]: 1R/2W
Shared thread_tls_config::1::key_material!1@1[[2]]: 1R/2W
Shared thread_tls_config::1::key_material!1@1[[3]]: 1R/2W
Shared thread_tls_config::1::key_material!1@1[[4]]: 1R/2W
Shared thread_tls_config::1::key_material!1@1[[5]]: 1R/2W
Shared thread_tls_config::1::key_material!1@1[[6]]: 1R/2W
Shared thread_tls_config::1::key_material!1@1[[7]]: 1R/2W
Shared thread_tls_config::1::key_material!1@1[[8]]: 1R/2W
Shared thread_tls_config::1::key_material!1@1[[9]]: 1R/2W
Shared thread_tls_config::1::key_material!1@1[[10]]: 1R/2W
Shared thread_tls_config::1::key_material!1@1[[11]]: 1R/2W
Shared thread_tls_config::1::key_material!1@1[[12]]: 1R/2W
Shared thread_tls_config::1::key_material!1@1[[13]]: 1R/2W
Shared thread_tls_config::1::key_material!1@1[[14]]: 1R/2W
Shared thread_tls_config::1::key_material!1@1[[15]]: 1R/2W
Shared thread_tls_config::1::key_material!1@1[[16]]: 1R/2W
Shared thread_tls_config::1::key_material!1@1[[17]]: 1R/2W
Shared thread_tls_config::1::key_material!1@1[[18]]: 1R/2W
Shared thread_tls_config::1::key_material!1@1[[19]]: 1R/2W
Shared thread_tls_config::1::key_material!1@1[[20]]: 1R/2W
Shared thread_tls_config::1::key_material!1@1[[21]]: 1R/2W
Shared thread_tls_config::1::key_material!1@1[[22]]: 1R/2W
Shared thread_tls_config::1::key_material!1@1[[23]]: 1R/2W
Shared thread_tls_config::1::key_material!1@1[[24]]: 1R/2W
Shared thread_tls_config::1::key_material!1@1[[25]]: 1R/2W
Shared thread_tls_config::1::key_material!1@1[[26]]: 1R/2W
Shared thread_tls_config::1::key_material!1@1[[27]]: 1R/2W
Shared thread_tls_config::1::key_material!1@1[[28]]: 1R/2W
Shared thread_tls_config::1::key_material!1@1[[29]]: 1R/2W
Shared thread_tls_config::1::key_material!1@1[[30]]: 1R/2W
Shared thread_tls_config::1::key_material!1@1[[31]]: 1R/2W
Shared thread_tls_config::1::key_material!1@1[[32]]: 1R/2W
Shared thread_tls_config::1::key_material!1@1[[33]]: 1R/2W
Shared thread_tls_config::1::key_material!1@1[[34]]: 1R/2W
Shared thread_tls_config::1::key_material!1@1[[35]]: 1R/2W
Shared thread_tls_config::1::key_material!1@1[[36]]: 1R/2W
Shared thread_tls_config::1::key_material!1@1[[37]]: 1R/2W
Shared thread_tls_config::1::key_material!1@1[[38]]: 1R/2W
Shared thread_tls_config::1::key_material!1@1[[39]]: 1R/2W
Shared thread_tls_config::1::key_material!1@1[[40]]: 1R/2W
Shared thread_tls_config::1::key_material!1@1[[41]]: 1R/2W
Shared thread_tls_config::1::key_material!1@1[[42]]: 1R/2W
Shared thread_tls_config::1::key_material!1@1[[43]]: 1R/2W
Shared thread_tls_config::1::key_material!1@1[[44]]: 1R/2W
Shared thread_tls_config::1::key_material!1@1[[45]]: 1R/2W
Shared thread_tls_config::1::key_material!1@1[[46]]: 1R/2W
Shared thread_tls_config::1::key_material!1@1[[47]]: 1R/2W
Shared thread_tls_config::1::key_material!1@1[[48]]: 1R/2W
Shared thread_tls_config::1::key_material!1@1[[49]]: 1R/2W
Shared thread_tls_config::1::key_material!1@1[[50]]: 1R/2W
Shared thread_tls_config::1::key_material!1@1[[51]]: 1R/2W
Shared thread_tls_config::1::key_material!1@1[[52]]: 1R/2W
Shared thread_tls_config::1::key_material!1@1[[53]]: 1R/2W
Shared thread_tls_config::1::key_material!1@1[[54]]: 1R/2W
Shared thread_tls_config::1::key_material!1@1[[55]]: 1R/2W
Shared thread_tls_config::1::key_material!1@1[[56]]: 1R/2W
Shared thread_tls_config::1::key_material!1@1[[57]]: 1R/2W
Shared thread_tls_config::1::key_material!1@1[[58]]: 1R/2W
Shared thread_tls_config::1::key_material!1@1[[59]]: 1R/2W
Shared thread_io::1::ev!2@1[[0]]: 1R/2W
Shared thread_io::1::ev!2@1[[1]]: 1R/2W
size of program expression: 7491 steps
no slicing due to threads
Generated 0 VCC(s), 0 remaining after simplification
VERIFICATION SUCCESSFUL

------------------------------------------------

